0 info it worked if it ends with ok
1 verbose cli [ 'D:\\安装位置\\nodejs\\node.exe',
1 verbose cli   'D:\\安装位置\\nodejs\\node_modules\\npm\\bin\\npm-cli.js',
1 verbose cli   'install',
1 verbose cli   'font-Awesome-master' ]
2 info using npm@3.7.3
3 info using node@v5.9.1
4 silly loadCurrentTree Starting
5 silly install loadCurrentTree
6 silly install readLocalPackageData
7 silly fetchPackageMetaData font-Awesome-master
8 silly fetchNamedPackageData font-Awesome-master
9 silly mapToRegistry name font-Awesome-master
10 silly mapToRegistry using default registry
11 silly mapToRegistry registry https://registry.npmjs.org/
12 silly mapToRegistry uri https://registry.npmjs.org/font-Awesome-master
13 verbose request uri https://registry.npmjs.org/font-Awesome-master
14 verbose request no auth needed
15 info attempt registry request try #1 at 10:03:14
16 verbose request id 57d8f308db8f8055
17 http request GET https://registry.npmjs.org/font-Awesome-master
18 http 404 https://registry.npmjs.org/font-Awesome-master
19 verbose headers { 'content-type': 'application/json',
19 verbose headers   'cache-control': 'max-age=0',
19 verbose headers   'content-length': '2',
19 verbose headers   'accept-ranges': 'bytes',
19 verbose headers   date: 'Thu, 31 Mar 2016 02:02:57 GMT',
19 verbose headers   via: '1.1 varnish',
19 verbose headers   age: '0',
19 verbose headers   connection: 'keep-alive',
19 verbose headers   'x-served-by': 'cache-nrt6122-NRT',
19 verbose headers   'x-cache': 'MISS',
19 verbose headers   'x-cache-hits': '0',
19 verbose headers   'x-timer': 'S1459389777.085770,VS0,VE730' }
20 silly get cb [ 404,
20 silly get   { 'content-type': 'application/json',
20 silly get     'cache-control': 'max-age=0',
20 silly get     'content-length': '2',
20 silly get     'accept-ranges': 'bytes',
20 silly get     date: 'Thu, 31 Mar 2016 02:02:57 GMT',
20 silly get     via: '1.1 varnish',
20 silly get     age: '0',
20 silly get     connection: 'keep-alive',
20 silly get     'x-served-by': 'cache-nrt6122-NRT',
20 silly get     'x-cache': 'MISS',
20 silly get     'x-cache-hits': '0',
20 silly get     'x-timer': 'S1459389777.085770,VS0,VE730' } ]
21 silly fetchPackageMetaData Error: Registry returned 404 for GET on https://registry.npmjs.org/font-Awesome-master
21 silly fetchPackageMetaData     at makeError (D:\安装位置\nodejs\node_modules\npm\node_modules\npm-registry-client\lib\request.js:264:12)
21 silly fetchPackageMetaData     at CachingRegistryClient.<anonymous> (D:\安装位置\nodejs\node_modules\npm\node_modules\npm-registry-client\lib\request.js:242:14)
21 silly fetchPackageMetaData     at Request._callback (D:\安装位置\nodejs\node_modules\npm\node_modules\npm-registry-client\lib\request.js:172:14)
21 silly fetchPackageMetaData     at Request.self.callback (D:\安装位置\nodejs\node_modules\npm\node_modules\request\request.js:199:22)
21 silly fetchPackageMetaData     at emitTwo (events.js:100:13)
21 silly fetchPackageMetaData     at Request.emit (events.js:185:7)
21 silly fetchPackageMetaData     at Request.<anonymous> (D:\安装位置\nodejs\node_modules\npm\node_modules\request\request.js:1036:10)
21 silly fetchPackageMetaData     at emitOne (events.js:95:20)
21 silly fetchPackageMetaData     at Request.emit (events.js:182:7)
21 silly fetchPackageMetaData     at IncomingMessage.<anonymous> (D:\安装位置\nodejs\node_modules\npm\node_modules\request\request.js:963:12)
21 silly fetchPackageMetaData  error for font-Awesome-master { [Error: Registry returned 404 for GET on https://registry.npmjs.org/font-Awesome-master] pkgid: 'font-Awesome-master', statusCode: 404, code: 'E404' }
22 silly rollbackFailedOptional Starting
23 silly rollbackFailedOptional Finishing
24 silly runTopLevelLifecycles Starting
25 silly runTopLevelLifecycles Finishing
26 silly install printInstalled
27 verbose stack Error: Registry returned 404 for GET on https://registry.npmjs.org/font-Awesome-master
27 verbose stack     at makeError (D:\安装位置\nodejs\node_modules\npm\node_modules\npm-registry-client\lib\request.js:264:12)
27 verbose stack     at CachingRegistryClient.<anonymous> (D:\安装位置\nodejs\node_modules\npm\node_modules\npm-registry-client\lib\request.js:242:14)
27 verbose stack     at Request._callback (D:\安装位置\nodejs\node_modules\npm\node_modules\npm-registry-client\lib\request.js:172:14)
27 verbose stack     at Request.self.callback (D:\安装位置\nodejs\node_modules\npm\node_modules\request\request.js:199:22)
27 verbose stack     at emitTwo (events.js:100:13)
27 verbose stack     at Request.emit (events.js:185:7)
27 verbose stack     at Request.<anonymous> (D:\安装位置\nodejs\node_modules\npm\node_modules\request\request.js:1036:10)
27 verbose stack     at emitOne (events.js:95:20)
27 verbose stack     at Request.emit (events.js:182:7)
27 verbose stack     at IncomingMessage.<anonymous> (D:\安装位置\nodejs\node_modules\npm\node_modules\request\request.js:963:12)
28 verbose statusCode 404
29 verbose pkgid font-Awesome-master
30 verbose cwd D:\yoyo\pcm\web
31 error Windows_NT 6.3.9600
32 error argv "D:\\安装位置\\nodejs\\node.exe" "D:\\安装位置\\nodejs\\node_modules\\npm\\bin\\npm-cli.js" "install" "font-Awesome-master"
33 error node v5.9.1
34 error npm  v3.7.3
35 error code E404
36 error 404 Registry returned 404 for GET on https://registry.npmjs.org/font-Awesome-master
37 error 404
38 error 404 'font-Awesome-master' is not in the npm registry.
39 error 404 Your package name is not valid, because
40 error 404 1. name can no longer contain capital letters
41 error 404 Note that you can also install from a
42 error 404 tarball, folder, http url, or git url.
43 verbose exit [ 1, true ]
